f:\vulkan\vk projets\vulkan game engine\x64\debug\vc143.pdb
f:\vulkan\vk projets\vulkan game engine\x64\debug\vc143.idb
f:\vulkan\vk projets\vulkan game engine\x64\debug\gameengineswapchain.obj
f:\vulkan\vk projets\vulkan game engine\x64\debug\gameenginedevice.obj
f:\vulkan\vk projets\vulkan game engine\x64\debug\main.obj
f:\vulkan\vk projets\vulkan game engine\x64\debug\gamewindow.obj
f:\vulkan\vk projets\vulkan game engine\x64\debug\gamepipeline.obj
f:\vulkan\vk projets\vulkan game engine\x64\debug\firstapp.obj
f:\vulkan\vk projets\vulkan game engine\x64\debug\vulkan game engine.ilk
f:\vulkan\vk projets\vulkan game engine\x64\debug\vulkan game engine.exe
f:\vulkan\vk projets\vulkan game engine\x64\debug\vulkan game engine.pdb
f:\vulkan\vk projets\vulkan game engine\x64\debug\glfw3.dll
f:\vulkan\vk projets\vulkan game engine\x64\debug\vulkan g.3a4e9bd9.tlog\cl.command.1.tlog
f:\vulkan\vk projets\vulkan game engine\x64\debug\vulkan g.3a4e9bd9.tlog\cl.items.tlog
f:\vulkan\vk projets\vulkan game engine\x64\debug\vulkan g.3a4e9bd9.tlog\cl.read.1.tlog
f:\vulkan\vk projets\vulkan game engine\x64\debug\vulkan g.3a4e9bd9.tlog\cl.write.1.tlog
f:\vulkan\vk projets\vulkan game engine\x64\debug\vulkan g.3a4e9bd9.tlog\link.command.1.tlog
f:\vulkan\vk projets\vulkan game engine\x64\debug\vulkan g.3a4e9bd9.tlog\link.read.1.tlog
f:\vulkan\vk projets\vulkan game engine\x64\debug\vulkan g.3a4e9bd9.tlog\link.write.1.tlog
f:\vulkan\vk projets\vulkan game engine\x64\debug\vulkan g.3a4e9bd9.tlog\vulkan game engine.write.1u.tlog
